{"/Users/yaoxi-std/Documents/tsinghua/courses/2025_Spring/Japanese_1/Kana-Cards/src/components/CreditsModal.jsx": {"path":"/Users/yaoxi-std/Documents/tsinghua/courses/2025_Spring/Japanese_1/Kana-Cards/src/components/CreditsModal.jsx","statementMap":{"0":{"start":{"line":7,"column":21},"end":{"line":7,"column":22}},"1":{"start":{"line":9,"column":2},"end":{"line":10,"column":null}},"2":{"start":{"line":75,"column":31},"end":{"line":75,"column":42}},"3":{"start":{"line":88,"column":0},"end":{"line":88,"column":null}}},"fnMap":{"0":{"name":"CreditsModal","decl":{"start":{"line":6,"column":24},"end":{"line":6,"column":37}},"loc":{"start":{"line":6,"column":53},"end":{"line":86,"column":null}}},"1":{"name":"(anonymous_1)","decl":{"start":{"line":75,"column":25},"end":{"line":75,"column":31}},"loc":{"start":{"line":75,"column":31},"end":{"line":75,"column":42}}}},"branchMap":{},"s":{"0":5,"1":5,"2":0,"3":1},"f":{"0":5,"1":0},"b":{}}
}
